<?xml version="1.0" encoding="UTF-8" ?>
<testsuites errors="2"
            failures="1"
            tests="3">

  <testsuite name="nightwatchTest"
    errors="2" failures="1" hostname="" id="" package="nightwatchTest" skipped="2"
    tests="3" time="20.49" timestamp="">
  
    <testcase name="Non-existing movie test" classname="nightwatchTest" time="3.576" assertions="4">

    

    

    

    
    </testcase>
  
    <testcase name="adding-6-movies test" classname="nightwatchTest" time="6.849" assertions="10">

    

    

    

    

    

    

    

    

    

    
    <error message="An error occurred while running .click() command on &lt;#button5&gt;:   (Session info: chrome=90.0.4430.93),  (Driver info: chromedriver=90.0.4430.24 (4c6d850f087da467d926e8eddb76550aed655991-refs/branch-heads/4430@{#429}),platform=Mac OS X 11.2.2 x86_64); element click intercepted: Element &lt;button class=&#34;MuiButtonBase-root MuiButton-root MuiButton-outlined makeStyles-addButton-13 MuiButton-outlinedSizeSmall MuiButton-sizeSmall Mui-disabled Mui-disabled&#34; tabindex=&#34;-1&#34; type=&#34;button&#34; id=&#34;button5&#34; disabled=&#34;&#34;&gt;...&lt;/button&gt; is not clickable at point (506, 687). Other element would receive the click: &lt;div class=&#34;MuiGrid-root MuiGrid-container MuiGrid-item MuiGrid-justify-xs-flex-end MuiGrid-grid-xs-12 MuiGrid-grid-sm-3&#34;&gt;...&lt;/div&gt;" type="error"><![CDATA[
    TimeoutError: An error occurred while running .click() command on &lt;#button5&gt;:   (Session info: chrome=90.0.4430.93),  (Driver info: chromedriver=90.0.4430.24 (4c6d850f087da467d926e8eddb76550aed655991-refs/branch-heads/4430@{#429}),platform=Mac OS X 11.2.2 x86_64); element click intercepted: Element &lt;button class=&#34;MuiButtonBase-root MuiButton-root MuiButton-outlined makeStyles-addButton-13 MuiButton-outlinedSizeSmall MuiButton-sizeSmall Mui-disabled Mui-disabled&#34; tabindex=&#34;-1&#34; type=&#34;button&#34; id=&#34;button5&#34; disabled=&#34;&#34;&gt;...&lt;/button&gt; is not clickable at point (506, 687). Other element would receive the click: &lt;div class=&#34;MuiGrid-root MuiGrid-container MuiGrid-item MuiGrid-justify-xs-flex-end MuiGrid-grid-xs-12 MuiGrid-grid-sm-3&#34;&gt;...&lt;/div&gt;
    at PeriodicPromise.getError (/Users/parsa/dev/ShopifyChallengeFall2021/client/node_modules/nightwatch/lib/utils/periodic-promise.js:161:12)
    at PeriodicPromise.perform (/Users/parsa/dev/ShopifyChallengeFall2021/client/node_modules/nightwatch/lib/utils/periodic-promise.js:111:16)
    at processTicksAndRejections (node:internal/process/task_queues:93:5)
    at async PeriodicPromise.runAction (/Users/parsa/dev/ShopifyChallengeFall2021/client/node_modules/nightwatch/lib/utils/periodic-promise.js:48:22)
    at async PeriodicPromise.runAction (/Users/parsa/dev/ShopifyChallengeFall2021/client/node_modules/nightwatch/lib/utils/periodic-promise.js:51:16)
    ]]></error>
    
    </testcase>
  
    <testcase name="adding-and-deleteing-movies test" classname="nightwatchTest" time="10.06" assertions="13">

    

    

    

    

    

    

    

    

    

    

    

      <failure message="Testing if element &lt;#button5&gt; is not present in 5000ms - expected &#34;is not present&#34; but got: &#34;present&#34; (5126ms)">    at Object.adding-and-deleteing-movies test (/Users/parsa/dev/ShopifyChallengeFall2021/client/src/test/nightwatchTest.js:94:25)
    at processTicksAndRejections (node:internal/process/task_queues:93:5)</failure>

    
    <error message="Error while running &#34;elementPresent&#34; command: Testing if element [0;33m&lt;#button5&gt;[0m is not present in 5000ms - expected [0;32m&#34;is not present&#34;[0m but got: [0;31m&#34;present&#34;[0m [0;90m(5126ms)[0m" type="error"><![CDATA[
        at Object.adding-and-deleteing-movies test (/Users/parsa/dev/ShopifyChallengeFall2021/client/src/test/nightwatchTest.js:94:25)
    at processTicksAndRejections (node:internal/process/task_queues:93:5)
    ]]></error>
    
    </testcase>
  

  
    <system-err>
        TimeoutError: An error occurred while running .click() command on &lt;#button5&gt;:   (Session info: chrome=90.0.4430.93),  (Driver info: chromedriver=90.0.4430.24 (4c6d850f087da467d926e8eddb76550aed655991-refs/branch-heads/4430@{#429}),platform=Mac OS X 11.2.2 x86_64); element click intercepted: Element &lt;button class=&#34;MuiButtonBase-root MuiButton-root MuiButton-outlined makeStyles-addButton-13 MuiButton-outlinedSizeSmall MuiButton-sizeSmall Mui-disabled Mui-disabled&#34; tabindex=&#34;-1&#34; type=&#34;button&#34; id=&#34;button5&#34; disabled=&#34;&#34;&gt;...&lt;/button&gt; is not clickable at point (506, 687). Other element would receive the click: &lt;div class=&#34;MuiGrid-root MuiGrid-container MuiGrid-item MuiGrid-justify-xs-flex-end MuiGrid-grid-xs-12 MuiGrid-grid-sm-3&#34;&gt;...&lt;/div&gt;
   {&#34;status&#34;:-1,&#34;state&#34;:&#34;&#34;,&#34;code&#34;:&#34;&#34;,&#34;value&#34;:{&#34;message&#34;:&#34;element click intercepted: Element &lt;button class=\&#34;MuiButtonBase-root MuiButton-root MuiButton-outlined makeStyles-addButton-13 MuiButton-outlinedSizeSmall MuiButton-sizeSmall Mui-disabled Mui-disabled\&#34; tabindex=\&#34;-1\&#34; type=\&#34;button\&#34; id=\&#34;button5\&#34; disabled=\&#34;\&#34;&gt;...&lt;/button&gt; is not clickable at point (506, 687). Other element would receive the click: &lt;div class=\&#34;MuiGrid-root MuiGrid-container MuiGrid-item MuiGrid-justify-xs-flex-end MuiGrid-grid-xs-12 MuiGrid-grid-sm-3\&#34;&gt;...&lt;/div&gt;&#34;,&#34;error&#34;:[&#34;  (Session info: chrome=90.0.4430.93)&#34;,&#34;  (Driver info: chromedriver=90.0.4430.24 (4c6d850f087da467d926e8eddb76550aed655991-refs/branch-heads/4430@{#429}),platform=Mac OS X 11.2.2 x86_64)&#34;]},&#34;errorStatus&#34;:64,&#34;error&#34;:&#34;An unknown error has occurred – element click intercepted: Element &lt;button class=\&#34;MuiButtonBase-root MuiButton-root MuiB...&#34;,&#34;httpStatusCode&#34;:200}
       at processTicksAndRejections (node:internal/process/task_queues:93:5)
  TimeoutError: An error occurred while running .click() command on &lt;#button5&gt;:   (Session info: chrome=90.0.4430.93),  (Driver info: chromedriver=90.0.4430.24 (4c6d850f087da467d926e8eddb76550aed655991-refs/branch-heads/4430@{#429}),platform=Mac OS X 11.2.2 x86_64); element click intercepted: Element &lt;button class=&#34;MuiButtonBase-root MuiButton-root MuiButton-outlined makeStyles-addButton-13 MuiButton-outlinedSizeSmall MuiButton-sizeSmall Mui-disabled Mui-disabled&#34; tabindex=&#34;-1&#34; type=&#34;button&#34; id=&#34;button5&#34; disabled=&#34;&#34;&gt;...&lt;/button&gt; is not clickable at point (506, 687). Other element would receive the click: &lt;div class=&#34;MuiGrid-root MuiGrid-container MuiGrid-item MuiGrid-justify-xs-flex-end MuiGrid-grid-xs-12 MuiGrid-grid-sm-3&#34;&gt;...&lt;/div&gt;
   {&#34;status&#34;:-1,&#34;state&#34;:&#34;&#34;,&#34;code&#34;:&#34;&#34;,&#34;value&#34;:{&#34;message&#34;:&#34;element click intercepted: Element &lt;button class=\&#34;MuiButtonBase-root MuiButton-root MuiButton-outlined makeStyles-addButton-13 MuiButton-outlinedSizeSmall MuiButton-sizeSmall Mui-disabled Mui-disabled\&#34; tabindex=\&#34;-1\&#34; type=\&#34;button\&#34; id=\&#34;button5\&#34; disabled=\&#34;\&#34;&gt;...&lt;/button&gt; is not clickable at point (506, 687). Other element would receive the click: &lt;div class=\&#34;MuiGrid-root MuiGrid-container MuiGrid-item MuiGrid-justify-xs-flex-end MuiGrid-grid-xs-12 MuiGrid-grid-sm-3\&#34;&gt;...&lt;/div&gt;&#34;,&#34;error&#34;:[&#34;  (Session info: chrome=90.0.4430.93)&#34;,&#34;  (Driver info: chromedriver=90.0.4430.24 (4c6d850f087da467d926e8eddb76550aed655991-refs/branch-heads/4430@{#429}),platform=Mac OS X 11.2.2 x86_64)&#34;]},&#34;errorStatus&#34;:64,&#34;error&#34;:&#34;An unknown error has occurred – element click intercepted: Element &lt;button class=\&#34;MuiButtonBase-root MuiButton-root MuiB...&#34;,&#34;httpStatusCode&#34;:200}
       at processTicksAndRejections (node:internal/process/task_queues:93:5)
    </system-err>
  

    

  
    
    <testcase
      name="deleting-a-movies test" classname="nightwatchTest">
      <skipped />
    </testcase>
    
    <testcase
      name="local-storage-keep test" classname="nightwatchTest">
      <skipped />
    </testcase>
    
  
  </testsuite>
</testsuites>
